# JRE version: OpenJDK Runtime Environment (8.0) (build 1.8.0-25-microsoft-b00)
# Java VM: OpenJDK 64-Bit Server VM (25.71-b00 mixed mode windows-amd64 compressed oops)
Heap:
 PSYoungGen      total 232960K, used 67164K [0x00000000eab00000, 0x00000000ffe00000, 0x0000000100000000)
  eden space 116736K, 18% used [0x00000000eab00000,0x00000000ebf987f8,0x00000000f1d00000)
  from space 116224K, 39% used [0x00000000f1d00000,0x00000000f49fe9e0,0x00000000f8e80000)
  to   space 113152K, 0% used [0x00000000f8f80000,0x00000000f8f80000,0x00000000ffe00000)
 ParOldGen       total 293376K, used 238572K [0x00000000c0000000, 0x00000000d1e80000, 0x00000000eab00000)
  object space 293376K, 81% used [0x00000000c0000000,0x00000000ce8fb130,0x00000000d1e80000)
 Metaspace       used 7249K, capacity 7864K, committed 8192K, reserved 1056768K
  class space    used 631K, capacity 688K, committed 768K, reserved 1048576K
GC Heap History (10 events):
Event: 13.198 GC heap before
{Heap before GC invocations=15 (full 2):
 PSYoungGen      total 241664K, used 227886K [0x00000000eab00000, 0x0000000100000000, 0x0000000100000000)
  eden space 180224K, 100% used [0x00000000eab00000,0x00000000f5b00000,0x00000000f5b00000)
  from space 61440K, 77% used [0x00000000fc400000,0x00000000ff28b970,0x0000000100000000)
  to   space 84480K, 0% used [0x00000000f5b00000,0x00000000f5b00000,0x00000000fad80000)
 ParOldGen       total 293376K, used 164988K [0x00000000c0000000, 0x00000000d1e80000, 0x00000000eab00000)
  object space 293376K, 56% used [0x00000000c0000000,0x00000000ca11f298,0x00000000d1e80000)
 Metaspace       used 6720K, capacity 7350K, committed 7552K, reserved 1056768K
  class space    used 610K, capacity 622K, committed 640K, reserved 1048576K
Event: 13.381 GC heap after
Heap after GC invocations=15 (full 2):
 PSYoungGen      total 252416K, used 71958K [0x00000000eab00000, 0x0000000100000000, 0x0000000100000000)
  eden space 180224K, 0% used [0x00000000eab00000,0x00000000eab00000,0x00000000f5b00000)
  from space 72192K, 99% used [0x00000000f5b00000,0x00000000fa145ba0,0x00000000fa180000)
  to   space 93696K, 0% used [0x00000000fa480000,0x00000000fa480000,0x0000000100000000)
 ParOldGen       total 293376K, used 164996K [0x00000000c0000000, 0x00000000d1e80000, 0x00000000eab00000)
  object space 293376K, 56% used [0x00000000c0000000,0x00000000ca121298,0x00000000d1e80000)
 Metaspace       used 6720K, capacity 7350K, committed 7552K, reserved 1056768K
  class space    used 610K, capacity 622K, committed 640K, reserved 1048576K
}
Event: 14.166 GC heap before
{Heap before GC invocations=16 (full 2):
 PSYoungGen      total 252416K, used 252182K [0x00000000eab00000, 0x0000000100000000, 0x0000000100000000)
  eden space 180224K, 100% used [0x00000000eab00000,0x00000000f5b00000,0x00000000f5b00000)
  from space 72192K, 99% used [0x00000000f5b00000,0x00000000fa145ba0,0x00000000fa180000)
  to   space 93696K, 0% used [0x00000000fa480000,0x00000000fa480000,0x0000000100000000)
 ParOldGen       total 293376K, used 164996K [0x00000000c0000000, 0x00000000d1e80000, 0x00000000eab00000)
  object space 293376K, 56% used [0x00000000c0000000,0x00000000ca121298,0x00000000d1e80000)
 Metaspace       used 6720K, capacity 7350K, committed 7552K, reserved 1056768K
  class space    used 610K, capacity 622K, committed 640K, reserved 1048576K
Event: 14.320 GC heap after
Heap after GC invocations=16 (full 2):
 PSYoungGen      total 221696K, used 93675K [0x00000000eab00000, 0x0000000100000000, 0x0000000100000000)
  eden space 128000K, 0% used [0x00000000eab00000,0x00000000eab00000,0x00000000f2800000)
  from space 93696K, 99% used [0x00000000fa480000,0x00000000ffffaf88,0x0000000100000000)
  to   space 110592K, 0% used [0x00000000f2800000,0x00000000f2800000,0x00000000f9400000)
 ParOldGen       total 293376K, used 170267K [0x00000000c0000000, 0x00000000d1e80000, 0x00000000eab00000)
  object space 293376K, 58% used [0x00000000c0000000,0x00000000ca646f60,0x00000000d1e80000)
 Metaspace       used 6720K, capacity 7350K, committed 7552K, reserved 1056768K
  class space    used 610K, capacity 622K, committed 640K, reserved 1048576K
}
Event: 14.901 GC heap before
{Heap before GC invocations=17 (full 2):
 PSYoungGen      total 221696K, used 221675K [0x00000000eab00000, 0x0000000100000000, 0x0000000100000000)
  eden space 128000K, 100% used [0x00000000eab00000,0x00000000f2800000,0x00000000f2800000)
  from space 93696K, 99% used [0x00000000fa480000,0x00000000ffffaf88,0x0000000100000000)
  to   space 110592K, 0% used [0x00000000f2800000,0x00000000f2800000,0x00000000f9400000)
 ParOldGen       total 293376K, used 170267K [0x00000000c0000000, 0x00000000d1e80000, 0x00000000eab00000)
  object space 293376K, 58% used [0x00000000c0000000,0x00000000ca646f60,0x00000000d1e80000)
 Metaspace       used 6721K, capacity 7350K, committed 7552K, reserved 1056768K
  class space    used 610K, capacity 622K, committed 640K, reserved 1048576K
Event: 15.074 GC heap after
Heap after GC invocations=17 (full 2):
 PSYoungGen      total 194048K, used 65673K [0x00000000eab00000, 0x0000000100000000, 0x0000000100000000)
  eden space 128000K, 0% used [0x00000000eab00000,0x00000000eab00000,0x00000000f2800000)
  from space 66048K, 99% used [0x00000000f2800000,0x00000000f6822750,0x00000000f6880000)
  to   space 112128K, 0% used [0x00000000f9280000,0x00000000f9280000,0x0000000100000000)
 ParOldGen       total 293376K, used 216836K [0x00000000c0000000, 0x00000000d1e80000, 0x00000000eab00000)
  object space 293376K, 73% used [0x00000000c0000000,0x00000000cd3c1130,0x00000000d1e80000)
 Metaspace       used 6721K, capacity 7350K, committed 7552K, reserved 1056768K
  class space    used 610K, capacity 622K, committed 640K, reserved 1048576K
}
Event: 15.733 GC heap before
{Heap before GC invocations=18 (full 2):
 PSYoungGen      total 194048K, used 193673K [0x00000000eab00000, 0x0000000100000000, 0x0000000100000000)
  eden space 128000K, 100% used [0x00000000eab00000,0x00000000f2800000,0x00000000f2800000)
  from space 66048K, 99% used [0x00000000f2800000,0x00000000f6822750,0x00000000f6880000)
  to   space 112128K, 0% used [0x00000000f9280000,0x00000000f9280000,0x0000000100000000)
 ParOldGen       total 293376K, used 216836K [0x00000000c0000000, 0x00000000d1e80000, 0x00000000eab00000)
  object space 293376K, 73% used [0x00000000c0000000,0x00000000cd3c1130,0x00000000d1e80000)
 Metaspace       used 6797K, capacity 7448K, committed 7680K, reserved 1056768K
  class space    used 614K, capacity 656K, committed 768K, reserved 1048576K
Event: 15.851 GC heap after
Heap after GC invocations=18 (full 2):
 PSYoungGen      total 228864K, used 83238K [0x00000000eab00000, 0x0000000100000000, 0x0000000100000000)
  eden space 116736K, 0% used [0x00000000eab00000,0x00000000eab00000,0x00000000f1d00000)
  from space 112128K, 74% used [0x00000000f9280000,0x00000000fe3c9b70,0x0000000100000000)
  to   space 116224K, 0% used [0x00000000f1d00000,0x00000000f1d00000,0x00000000f8e80000)
 ParOldGen       total 293376K, used 216836K [0x00000000c0000000, 0x00000000d1e80000, 0x00000000eab00000)
  object space 293376K, 73% used [0x00000000c0000000,0x00000000cd3c1130,0x00000000d1e80000)
 Metaspace       used 6797K, capacity 7448K, committed 7680K, reserved 1056768K
  class space    used 614K, capacity 656K, committed 768K, reserved 1048576K
}
Event: 18.243 GC heap before
{Heap before GC invocations=19 (full 2):
 PSYoungGen      total 228864K, used 199974K [0x00000000eab00000, 0x0000000100000000, 0x0000000100000000)
  eden space 116736K, 100% used [0x00000000eab00000,0x00000000f1d00000,0x00000000f1d00000)
  from space 112128K, 74% used [0x00000000f9280000,0x00000000fe3c9b70,0x0000000100000000)
  to   space 116224K, 0% used [0x00000000f1d00000,0x00000000f1d00000,0x00000000f8e80000)
 ParOldGen       total 293376K, used 216836K [0x00000000c0000000, 0x00000000d1e80000, 0x00000000eab00000)
  object space 293376K, 73% used [0x00000000c0000000,0x00000000cd3c1130,0x00000000d1e80000)
 Metaspace       used 7136K, capacity 7736K, committed 7936K, reserved 1056768K
  class space    used 629K, capacity 688K, committed 768K, reserved 1048576K
Event: 18.361 GC heap after
Heap after GC invocations=19 (full 2):
 PSYoungGen      total 232960K, used 46074K [0x00000000eab00000, 0x00000000ffe00000, 0x0000000100000000)
  eden space 116736K, 0% used [0x00000000eab00000,0x00000000eab00000,0x00000000f1d00000)
  from space 116224K, 39% used [0x00000000f1d00000,0x00000000f49fe9e0,0x00000000f8e80000)
  to   space 113152K, 0% used [0x00000000f8f80000,0x00000000f8f80000,0x00000000ffe00000)
 ParOldGen       total 293376K, used 238572K [0x00000000c0000000, 0x00000000d1e80000, 0x00000000eab00000)
  object space 293376K, 81% used [0x00000000c0000000,0x00000000ce8fb130,0x00000000d1e80000)
 Metaspace       used 7136K, capacity 7736K, committed 7936K, reserved 1056768K
  class space    used 629K, capacity 688K, committed 768K, reserved 1048576K
}

